  Scheduling.cpp
D:\code(community)\MyDesign-III\My_Netlist.h(15,10): warning C4005: “IN”: 宏重定义
  (编译源文件“Scheduling.cpp”)
      C:\Program Files (x86)\Windows Kits\10\Include\10.0.22621.0\shared\minwindef.h(79,9):
      参见“IN”的前一个定义
  
D:\code(community)\MyDesign-III\My_Netlist.h(16,10): warning C4005: “OUT”: 宏重定义
  (编译源文件“Scheduling.cpp”)
      C:\Program Files (x86)\Windows Kits\10\Include\10.0.22621.0\shared\minwindef.h(83,9):
      参见“OUT”的前一个定义
  
D:\Visual Studio\VC\Tools\MSVC\14.42.34433\include\xutility(4709,18): warning C4244: “=”: 从“wchar_t”转换到“char”，可能丢失数据
  (编译源文件“Scheduling.cpp”)
      D:\Visual Studio\VC\Tools\MSVC\14.42.34433\include\xutility(4709,18):
      模板实例化上下文(最早的实例化上下文)为
          D:\code(community)\MyDesign-III\Scheduling.cpp(61,29):
          查看对正在编译的函数 模板 实例化“std::basic_string<char,std::char_traits<char>,std::allocator<char>>::basic_string<std::_String_iterator<std::_String_val<std::_Simple_types<_Elem>>>,0>(_Iter,_Iter,const _Alloc &)”的引用
          with
          [
              _Elem=wchar_t,
              _Iter=std::_String_iterator<std::_String_val<std::_Simple_types<wchar_t>>>,
              _Alloc=std::allocator<char>
          ]
              D:\code(community)\MyDesign-III\Scheduling.cpp(61,29):
              请参阅 "select_file" 中对 "std::basic_string<char,std::char_traits<char>,std::allocator<char>>::basic_string" 的第一个引用
          D:\Visual Studio\VC\Tools\MSVC\14.42.34433\include\xstring(793,17):
          查看对正在编译的函数 模板 实例化“void std::basic_string<char,std::char_traits<char>,std::allocator<char>>::_Construct_from_iter<wchar_t*,wchar_t*,_Size_type>(_Iter,const _Sent,_Size)”的引用
          with
          [
              _Size_type=unsigned __int64,
              _Iter=wchar_t *,
              _Sent=wchar_t *,
              _Size=unsigned __int64
          ]
          D:\Visual Studio\VC\Tools\MSVC\14.42.34433\include\xstring(949,18):
          查看对正在编译的函数 模板 实例化“_OutIt *std::_Copy_n_unchecked4<wchar_t*,_Size,char*>(_InIt,_SizeTy,_OutIt)”的引用
          with
          [
              _OutIt=char *,
              _Size=unsigned __int64,
              _InIt=wchar_t *,
              _SizeTy=unsigned __int64
          ]
  
  MyDesignⅢ.vcxproj -> D:\code(community)\MyDesign-III\x64\Debug\MyDesignⅢ.exe
